1641391824502	geckodriver	INFO	Listening on 127.0.0.1:59570
1641391827477	mozrunner::runner	INFO	Running command: "C:\\Program Files\\Mozilla Firefox\\firefox.exe" "--marionette" "--remote-debugging-port" "59571" "-no-remote" "-profile" "C:\\Users\\afdum\\AppData\\Local\\Temp\\rust_mozprofiledvX2MW"
1641391828157	Marionette	INFO	Marionette enabled
console.warn: SearchSettings: "get: No settings file exists, new profile?" (new NotFoundError("Could not open the file at C:\\Users\\afdum\\AppData\\Local\\Temp\\rust_mozprofiledvX2MW\\search.json.mozlz4", (void 0)))
DevTools listening on ws://localhost:59571/devtools/browser/8d07165c-ff74-4294-bec6-991289d8b5c7
1641391832670	Marionette	INFO	Listening on port 59576
1641391832982	RemoteAgent	WARN	TLS certificate errors will be ignored for this session
console.warn: LoginRecipes: "getRecipes: falling back to a synchronous message for:" "http://localhost:8000"
console.warn: LoginRecipes: "getRecipes: falling back to a synchronous message for:" "http://localhost:8000"
console.log: WebExtensions: reset-default-search: starting.
console.log: WebExtensions: reset-default-search: No addons in our list are installed.
1641392339186	Marionette	INFO	Stopped listening on port 59576
console.warn: TopSitesFeed: Failed to fetch data from Contile server: NetworkError when attempting to fetch resource.
ror("Could not open the file at C:\\Users\\afdum\\AppData\\Local\\Temp\\rust_mozprofilebvpTgR\\search.json.mozlz4", (void 0)))
DevTools listening on ws://localhost:59659/devtools/browser/fb849a45-7f6d-445a-b0b4-906780ec8321
1641392115508	Marionette	INFO	Listening on port 59664
1641392115625	RemoteAgent	WARN	TLS certificate errors will be ignored for this session
1641392118540	Marionette	INFO	Stopped listening on port 59664
[Parent 64040, IPC I/O Parent] WARNING: file /builds/worker/checkouts/gecko/ipc/chromium/src/base/process_util_win.cc:167
1641392156876	geckodriver	INFO	Listening on 127.0.0.1:59717
1641392159840	mozrunner::runner	INFO	Running command: "C:\\Program Files\\Mozilla Firefox\\firefox.exe" "--marionette" "--remote-debugging-port" "59718" "-no-remote" "-profile" "C:\\Users\\afdum\\AppData\\Local\\Temp\\rust_mozprofile7zWlnQ"
1641392160865	Marionette	INFO	Marionette enabled
console.warn: SearchSettings: "get: No settings file exists, new profile?" (new NotFoundError("Could not open the file at C:\\Users\\afdum\\AppData\\Local\\Temp\\rust_mozprofile7zWlnQ\\search.json.mozlz4", (void 0)))
DevTools listening on ws://localhost:59718/devtools/browser/8fc33323-6877-4b79-a4bd-a83fc21de59a
1641392164855	Marionette	INFO	Listening on port 59725
1641392165300	RemoteAgent	WARN	TLS certificate errors will be ignored for this session
1641392340293	Marionette	INFO	Stopped listening on port 59725
console.warn: TopSitesFeed: Failed to fetch data from Contile server: NetworkError when attempting to fetch resource.
remote-debugging-port" "59795" "-no-remote" "-profile" "C:\\Users\\afdum\\AppData\\Local\\Temp\\rust_mozprofileQaM6TH"
1641392218390	Marionette	INFO	Marionette enabled
console.warn: SearchSettings: "get: No settings file exists, new profile?" (new NotFoundError("Could not open the file at C:\\Users\\afdum\\AppData\\Local\\Temp\\rust_mozprofileQaM6TH\\search.json.mozlz4", (void 0)))
DevTools listening on ws://localhost:59795/devtools/browser/90e4b258-0350-40c2-b0c6-77b3529fc53e
1641392223416	Marionette	INFO	Listening on port 59800
1641392223769	RemoteAgent	WARN	TLS certificate errors will be ignored for this session
1641392341275	Marionette	INFO	Stopped listening on port 59800
1392340263	mozrunner::runner	INFO	Running command: "C:\\Program Files\\Mozilla Firefox\\firefox.exe" "--marionette" "--remote-debugging-port" "59912" "-no-remote" "-profile" "C:\\Users\\afdum\\AppData\\Local\\Temp\\rust_mozprofiledIi8f0"
1641392341375	Marionette	INFO	Marionette enabled
console.warn: SearchSettings: "get: No settings file exists, new profile?" (new NotFoundError("Could not open the file at C:\\Users\\afdum\\AppData\\Local\\Temp\\rust_mozprofiledIi8f0\\search.json.mozlz4", (void 0)))
DevTools listening on ws://localhost:59912/devtools/browser/7be88e01-8332-47d8-a18b-fbbb3369ab7b
1641392345768	Marionette	INFO	Listening on port 59922
1641392346163	RemoteAgent	WARN	TLS certificate errors will be ignored for this session
1641392560306	Marionette	INFO	Stopped listening on port 59921641392561333	mozrunner::runner	INFO	Running command: "C:\\Program Files\\Mozilla Firefox\\firefox.exe" "--marionette" "--remote-debugging-port" "60074" "-no-remote" "-profile" "C:\\Users\\afdum\\AppData\\Local\\Temp\\rust_mozprofileF8P7Ft"
1641392562022	Marionette	INFO	Marionette enabled
console.warn: SearchSettings: "get: No settings file exists, new profile?" (new NotFoundError("Could not open the file at C:\\Users\\afdum\\AppData\\Local\\Temp\\rust_mozprofileF8P7Ft\\search.json.mozlz4", (void 0)))
DevTools listening on ws://localhost:60074/devtools/browser/29fc8008-1b82-4f5d-a96f-1d82eb272eeb
1641392565902	Marionette	INFO	Listening on port 60079
1641392566326	RemoteAgent	WARN	TLS certificate errors will be ignored for this session
1641392676368	Marionette	INFO	Stopped listening on port 60079
NetworkError when attempting to fetch resource.
[Parent 69408, IPC I/O Parent] WARNING: file /builds/worker/checkouts/gecko/ipc/chromium/src/base/process_util_win.cc:167
1641392646367	geckodriver	INFO	Listening on 127.0.0.1:60147
1641392649378	mozrunner::runner	INFO	Running command: "C:\\Program Files\\Mozilla Firefox\\firefox.exe" "--marionette" "--remote-debugging-port" "60148" "-no-remote" "-profile" "C:\\Users\\afdum\\AppData\\Local\\Temp\\rust_mozprofileFulnG0"
1641392650128	Marionette	INFO	Marionette enabled
console.warn: SearchSettings: "get: No settings file exists, new profile?" (new NotFoundError("Could not open the file at C:\\Users\\afdum\\AppData\\Local\\Temp\\rust_mozprofileFulnG0\\search.json.mozlz4", (void 0)))
DevTools listening on ws://localhost:60148/devtools/browser/1e984658-f3ac-461b-8f29-1b0c56663608
1641392654690	Marionette	INFO	Listening on port 60153
1641392654751	RemoteAgent	WARN	TLS certificate errors will be ignored for this session
console.warn: LoginRecipes: "getRecipes: falling back to a synchronous message for:" "http://localhost:8000"
console.warn: LoginRecipes: "getRecipes: falling back to a synchronous message for:" "http://localhost:8000"
JavaScript warning: https://pagead2.googlesyndication.com/bg/b_8rsBg2pSAE7OSEuXeXkmKAJRzK7XLbOE8Wp2RNR2Q.js line 1 > eval line 3620 > eval line 1 > eval, line 1: WEBGL_debug_renderer_info is deprecated in Firefox and will be removed. Please use RENDERER.
JavaScript error: , line 0: TypeError: NetworkError when attempting to fetch resource.
JavaScript error: , line 0: TypeError: NetworkError when attempting to fetch resource.
JavaScript error: , line 0: TypeError: NetworkError when attempting to fetch resource.
JavaScript warning: https://pagead2.googlesyndication.com/bg/b_8rsBg2pSAE7OSEuXeXkmKAJRzK7XLbOE8Wp2RNR2Q.js line 1 > eval line 7463 > eval, line 1: WEBGL_debug_renderer_info is deprecated in Firefox and will be removed. Please use RENDERER.
JavaScript warning: https://pagead2.googlesyndication.com/bg/b_8rsBg2pSAE7OSEuXeXkmKAJRzK7XLbOE8Wp2RNR2Q.js line 1 > eval line 1746 > eval line 1 > eval, line 1: WEBGL_debug_renderer_info is deprecated in Firefox and will be removed. Please use RENDERER.
JavaScript error: , line 0: TypeError: NetworkError when attempting to fetch resource.
JavaScript error: https://ads.pubmatic.com/AdServer/js/user_sync.html?kdntuid=1&p=157511, line 1: ReferenceError: CommonMeta is not defined
JavaScript error: https://ads.pubmatic.com/AdServer/js/user_sync.html?p=156212&predirect=https%3A%2F%2Fce.lijit.com%2Fmerge%3Fpid%3D71%263pid%3D&gdpr=1&gdpr_consent=ABCFETYFDJLNBFCV&gdpr=0&gdpr_consent=, line 1: ReferenceError: CommonMeta is not defined
JavaScript error: https://ads.pubmatic.com/AdServer/js/user_sync.html?p=137711&s=137812&predirect=https%3A%2F%2Fce.lijit.com%2Fmerge%3Fpid%3D58%263pid%3D&gdpr=0&gdpr_consent=, line 1: ReferenceError: CommonMeta is not defined
JavaScript error: https://ads.pubmatic.com/AdServer/js/user_sync.html?p=156212&predirect=https%3A%2F%2Fce.lijit.com%2Fmerge%3Fpid%3D71%263pid%3D&gdpr=1&gdpr_consent=ABCFETYFDJLNBFCV&gdpr=0&gdpr_consent=, line 1: ReferenceError: CommonMeta is not defined
JavaScript error: https://ads.pubmatic.com/AdServer/js/user_sync.html?p=156319&userIdMacro=PM_UID&predirect=https%3A%2F%2Fe.serverbid.com%2Fudb%2F9969%2Fsync%2Fi.gif%3FpartnerId%3D4%26userId%3DPM_UID, line 1: ReferenceError: CommonMeta is not defined
JavaScript error: https://ads.pubmatic.com/AdServer/js/user_sync.html?p=137711&s=137812&predirect=https%3A%2F%2Fce.lijit.com%2Fmerge%3Fpid%3D58%263pid%3D&gdpr=0&gdpr_consent=, line 1: ReferenceError: CommonMeta is not defined
JavaScript error: https://ads.pubmatic.com/AdServer/js/user_sync.html?p=156212&predirect=https%3A%2F%2Fce.lijit.com%2Fmerge%3Fpid%3D71%263pid%3D&gdpr=1&gdpr_consent=ABCFETYFDJLNBFCV&gdpr=0&gdpr_consent=, line 1: ReferenceError: CommonMeta is not defined
JavaScript error: , line 0: uncaught exception: 7
JavaScript error: , line 0: uncaught exception: 7
JavaScript warning: https://pagead2.googlesyndication.com/bg/b_8rsBg2pSAE7OSEuXeXkmKAJRzK7XLbOE8Wp2RNR2Q.js line 1 > eval line 5173 > eval line 1 > eval, line 1: WEBGL_debug_renderer_info is deprecated in Firefox and will be removed. Please use RENDERER.
JavaScript error: https://ads.pubmatic.com/AdServer/js/user_sync.html?p=159196&userIdMacro=PM_UID&gdpr=0&gdpr_consent=&predirect=https%3A%2F%2Flive.primis.tech%2Flive%2FliveCS.php%3Fsource%3Dexternal%26csuuid%3D61d5aa7c54afd%26pixel%3D%26advId%3D91%26advUuid%3DPM_UID%26gdpr%3D0%26gdpr_consent%3D, line 1: ReferenceError: CommonMeta is not defined
JavaScript warning: https://pagead2.googlesyndication.com/bg/b_8rsBg2pSAE7OSEuXeXkmKAJRzK7XLbOE8Wp2RNR2Q.js line 1 > eval line 6505 > eval, line 1: WEBGL_debug_renderer_info is deprecated in Firefox and will be removed. Please use RENDERER.
JavaScript warning: https://pagead2.googlesyndication.com/bg/b_8rsBg2pSAE7OSEuXeXkmKAJRzK7XLbOE8Wp2RNR2Q.js line 1 > eval line 1545 > eval, line 1: WEBGL_debug_renderer_info is deprecated in Firefox and will be removed. Please use RENDERER.
JavaScript warning: https://pagead2.googlesyndication.com/bg/b_8rsBg2pSAE7OSEuXeXkmKAJRzK7XLbOE8Wp2RNR2Q.js line 1 > eval line 1548 > eval, line 1: WEBGL_debug_renderer_info is deprecated in Firefox and will be removed. Please use RENDERER.
JavaScript warning: https://pagead2.googlesyndication.com/bg/b_8rsBg2pSAE7OSEuXeXkmKAJRzK7XLbOE8Wp2RNR2Q.js line 1 > eval line 5946 > eval line 1 > eval, line 1: WEBGL_debug_renderer_info is deprecated in Firefox and will be removed. Please use RENDERER.
JavaScript warning: https://pagead2.googlesyndication.com/bg/b_8rsBg2pSAE7OSEuXeXkmKAJRzK7XLbOE8Wp2RNR2Q.js line 1 > eval line 125 > eval line 1 > eval, line 1: WEBGL_debug_renderer_info is deprecated in Firefox and will be removed. Please use RENDERER.
JavaScript error: https://ads.pubmatic.com/AdServer/js/user_sync.html?gdpr=0&gdpr_consent=&us_privacy=&predirect=https%3A%2F%2Fsync.console.adtarget.com.tr%2Fcsync%3Ft%3Da%26ep%3D307406%26extuid%3D, line 1: ReferenceError: CommonMeta is not defined
JavaScript error: https://ads.pubmatic.com/AdServer/js/user_sync.html?p=156631&s=&predirect=https%3A%2F%2Fu-iad04.e-planning.net%2Fum%3Fdc%3Da208d9366469aa64%26fi%3Df4507403c258c5cd%26uid%3D, line 1: ReferenceError: CommonMeta is not defined
JavaScript warning: https://pagead2.googlesyndication.com/bg/b_8rsBg2pSAE7OSEuXeXkmKAJRzK7XLbOE8Wp2RNR2Q.js line 1 > eval line 7190 > eval, line 1: WEBGL_debug_renderer_info is deprecated in Firefox and will be removed. Please use RENDERER.
1641392779970	Marionette	INFO	Stopped listening on port 60153
JavaScript error: , line 0: TypeError: NetworkError when attempting to fetch resource.
JavaScript error: , line 0: TypeError: NetworkError when attempting to fetch resource.
JavaScript error: , line 0: TypeError: NetworkError when attempting to fetch resource.
JavaScript error: , line 0: TypeError: NetworkError when attempting to fetch resource.
JavaScript error: , line 0: TypeError: NetworkError when attempting to fetch resource.
JavaScript error: , line 0: TypeError: NetworkError when attempting to fetch resource.
JavaScript error: , line 0: TypeError: NetworkError when attempting to fetch resource.
JavaScript error: , line 0: TypeError: NetworkError when attempting to fetch resource.
JavaScript error: , line 0: TypeError: NetworkError when attempting to fetch resource.
JavaScript error: , line 0: TypeError: NetworkError when attempting to fetch resource.
[Parent 70340, IPC I/O Parent] WARNING: file /builds/worker/checkouts/gecko/ipc/chromium/src/base/process_util_win.cc:167
[Parent 70340, IPC I/O Parent] WARNING: file /builds/worker/checkouts/gecko/ipc/chromium/src/base/process_util_win.cc:167
[Parent 70340, IPC I/O Parent] WARNING: file /builds/worker/checkouts/gecko/ipc/chromium/src/base/process_util_win.cc:167

###!!! [Parent][RunMessage] Error: Channel closing: too late to send/recv, messages will be lost

1641392789682	geckodriver	INFO	Listening on 127.0.0.1:59817
1641392792683	mozrunner::runner	INFO	Running command: "C:\\Program Files\\Mozilla Firefox\\firefox.exe" "--marionette" "--remote-debugging-port" "59818" "-no-remote" "-profile" "C:\\Users\\afdum\\AppData\\Local\\Temp\\rust_mozprofilegECar3"
1641392793397	Marionette	INFO	Marionette enabled
console.warn: SearchSettings: "get: No settings file exists, new profile?" (new NotFoundError("Could not open the file at C:\\Users\\afdum\\AppData\\Local\\Temp\\rust_mozprofilegECar3\\search.json.mozlz4", (void 0)))
DevTools listening on ws://localhost:59818/devtools/browser/2569179c-0589-44d4-b8e0-1b14a6df30fa
1641392797925	Marionette	INFO	Listening on port 59823
1641392798135	RemoteAgent	WARN	TLS certificate errors will be ignored for this session
console.warn: LoginRecipes: "getRecipes: falling back to a synchronous message for:" "http://localhost:8000"
console.warn: LoginRecipes: "getRecipes: falling back to a synchronous message for:" "http://localhost:8000"
console.log: WebExtensions: reset-default-search: starting.
console.log: WebExtensions: reset-default-search: No addons in our list are installed.
1641393634694	Marionette	INFO	Stopped listening on port 59823
console.warn: TopSitesFeed: Failed to fetch data from Contile server: NetworkError when attempting to fetch resource.

###!!! [Parent][RunMessage] Error: Channel closing: too late to send/recv, messages will be lost

tFoundError("Could not open the file at C:\\Users\\afdum\\AppData\\Local\\Temp\\rust_mozprofilePc4fz3\\search.json.mozlz4", (void 0)))
DevTools listening on ws://localhost:59895/devtools/browser/0e6532fa-f28c-413c-9394-f273d3e28879
1641392877068	Marionette	INFO	Listening on port 59902
1641392877327	RemoteAgent	WARN	TLS certificate errors will be ignored for this session
console.warn: "Resource  of root-node was not found."
console.error: "Error while calling actor 'pagestyle's method 'getApplied'" "node is null"
console.error: (new TypeError("node is null", "resource://devtools/server/actors/page-style.js", 570))
console.error: (new Error("Protocol error (TypeError): node is null from: server0.conn0.windowGlobal2147483651/pagestyle24 (resource://devtools/server/actors/page-style.js:570:5)", "resource://devtools/shared/protocol/Front.js", 365))
console.error: (new Error("Protocol error (TypeError): node is null from: server0.conn0.windowGlobal2147483651/pagestyle24 (resource://devtools/server/actors/page-style.js:570:5)", "resource://devtools/shared/protocol/Front.js", 365))
JavaScript error: resource://devtools/shared/protocol/Front.js, line 365: Error: Protocol error (TypeError): node is null from: server0.conn0.windowGlobal2147483651/pagestyle24 (resource://devtools/server/actors/page-style.js:570:5)
console.error: "Error while calling actor 'pagestyle's method 'getLayout'" "node is null"
console.error: (new TypeError("node is null", "resource://devtools/server/actors/page-style.js", 1001))
console.error: (new Error("Protocol error (TypeError): node is null from: server0.conn0.windowGlobal2147483651/pagestyle24 (resource://devtools/server/actors/page-style.js:1001:5)", "resource://devtools/shared/protocol/Front.js", 365))
console.error: "Error while calling actor 'pagestyle's method 'getLayout'" "node is null"
console.error: (new TypeError("node is null", "resource://devtools/server/actors/page-style.js", 1001))
console.error: (new Error("Protocol error (TypeError): node is null from: server0.conn0.windowGlobal2147483651/pagestyle24 (resource://devtools/server/actors/page-style.js:1001:5)", "resource://devtools/shared/protocol/Front.js", 365))
console.error: "Error while calling actor 'pagestyle's method 'getApplied'" "node is null"
console.error: (new TypeError("node is null", "resource://devtools/server/actors/page-style.js", 570))
console.error: (new Error("Protocol error (TypeError): node is null from: server0.conn0.windowGlobal2147483651/pagestyle24 (resource://devtools/server/actors/page-style.js:570:5)", "resource://devtools/shared/protocol/Front.js", 365))
console.error: (new Error("Protocol error (TypeError): node is null from: server0.conn0.windowGlobal2147483651/pagestyle24 (resource://devtools/server/actors/page-style.js:570:5)", "resource://devtools/shared/protocol/Front.js", 365))
JavaScript error: resource://devtools/shared/protocol/Front.js, line 365: Error: Protocol error (TypeError): node is null from: server0.conn0.windowGlobal2147483651/pagestyle24 (resource://devtools/server/actors/page-style.js:570:5)
console.error: "Error while calling actor 'pagestyle's method 'getLayout'" "node is null"
console.error: (new TypeError("node is null", "resource://devtools/server/actors/page-style.js", 1001))
console.error: (new Error("Protocol error (TypeError): node is null from: server0.conn0.windowGlobal2147483651/pagestyle24 (resource://devtools/server/actors/page-style.js:1001:5)", "resource://devtools/shared/protocol/Front.js", 365))
console.error: "Error while calling actor 'pagestyle's method 'getApplied'" "node is null"
console.error: (new TypeError("node is null", "resource://devtools/server/actors/page-style.js", 570))
console.error: (new Error("Protocol error (TypeError): node is null from: server0.conn0.windowGlobal2147483651/pagestyle24 (resource://devtools/server/actors/page-style.js:570:5)", "resource://devtools/shared/protocol/Front.js", 365))
console.error: (new Error("Protocol error (TypeError): node is null from: server0.conn0.windowGlobal2147483651/pagestyle24 (resource://devtools/server/actors/page-style.js:570:5)", "resource://devtools/shared/protocol/Front.js", 365))
JavaScript error: resource://devtools/shared/protocol/Front.js, line 365: Error: Protocol error (TypeError): node is null from: server0.conn0.windowGlobal2147483651/pagestyle24 (resource://devtools/server/actors/page-style.js:570:5)
console.error: "Error while calling actor 'pagestyle's method 'getLayout'" "node is null"
console.error: (new TypeError("node is null", "resource://devtools/server/actors/page-style.js", 1001))
console.error: (new Error("Protocol error (TypeError): node is null from: server0.conn0.windowGlobal2147483651/pagestyle24 (resource://devtools/server/actors/page-style.js:1001:5)", "resource://devtools/shared/protocol/Front.js", 365))
console.error: "Error while calling actor 'pagestyle's method 'getLayout'" "node is null"
console.error: (new TypeError("node is null", "resource://devtools/server/actors/page-style.js", 1001))
console.error: (new Error("Protocol error (TypeError): node is null from: server0.conn0.windowGlobal2147483651/pagestyle24 (resource://devtools/server/actors/page-style.js:1001:5)", "resource://devtools/shared/protocol/Front.js", 365))
console.error: "Error while calling actor 'pagestyle's method 'getLayout'" "node is null"
console.error: (new TypeError("node is null", "resource://devtools/server/actors/page-style.js", 1001))
console.error: (new Error("Protocol error (TypeError): node is null from: server0.conn0.windowGlobal2147483651/pagestyle24 (resource://devtools/server/actors/page-style.js:1001:5)", "resource://devtools/shared/protocol/Front.js", 365))
console.error: "Error while calling actor 'pagestyle's method 'getLayout'" "node is null"
console.error: (new TypeError("node is null", "resource://devtools/server/actors/page-style.js", 1001))
console.error: (new Error("Protocol error (TypeError): node is null from: server0.conn0.windowGlobal2147483651/pagestyle24 (resource://devtools/server/actors/page-style.js:1001:5)", "resource://devtools/shared/protocol/Front.js", 365))
console.error: "Error while calling actor 'pagestyle's method 'getApplied'" "node is null"
console.error: (new TypeError("node is null", "resource://devtools/server/actors/page-style.js", 570))
console.error: (new Error("Protocol error (TypeError): node is null from: server0.conn0.windowGlobal2147483651/pagestyle24 (resource://devtools/server/actors/page-style.js:570:5)", "resource://devtools/shared/protocol/Front.js", 365))
console.error: (new Error("Protocol error (TypeError): node is null from: server0.conn0.windowGlobal2147483651/pagestyle24 (resource://devtools/server/actors/page-style.js:570:5)", "resource://devtools/shared/protocol/Front.js", 365))
JavaScript error: resource://devtools/shared/protocol/Front.js, line 365: Error: Protocol error (TypeError): node is null from: server0.conn0.windowGlobal2147483651/pagestyle24 (resource://devtools/server/actors/page-style.js:570:5)
console.error: "Error while calling actor 'pagestyle's method 'getLayout'" "node is null"
console.error: (new TypeError("node is null", "resource://devtools/server/actors/page-style.js", 1001))
console.error: (new Error("Protocol error (TypeError): node is null from: server0.conn0.windowGlobal2147483651/pagestyle24 (resource://devtools/server/actors/page-style.js:1001:5)", "resource://devtools/shared/protocol/Front.js", 365))
console.error: "Error while calling actor 'pagestyle's method 'getLayout'" "node is null"
console.error: (new TypeError("node is null", "resource://devtools/server/actors/page-style.js", 1001))
console.error: (new Error("Protocol error (TypeError): node is null from: server0.conn0.windowGlobal2147483651/pagestyle24 (resource://devtools/server/actors/page-style.js:1001:5)", "resource://devtools/shared/protocol/Front.js", 365))
console.error: "Error while calling actor 'pagestyle's method 'getApplied'" "node is null"
console.error: (new TypeError("node is null", "resource://devtools/server/actors/page-style.js", 570))
console.error: (new Error("Protocol error (TypeError): node is null from: server0.conn0.windowGlobal2147483651/pagestyle24 (resource://devtools/server/actors/page-style.js:570:5)", "resource://devtools/shared/protocol/Front.js", 365))
console.error: (new Error("Protocol error (TypeError): node is null from: server0.conn0.windowGlobal2147483651/pagestyle24 (resource://devtools/server/actors/page-style.js:570:5)", "resource://devtools/shared/protocol/Front.js", 365))
JavaScript error: resource://devtools/shared/protocol/Front.js, line 365: Error: Protocol error (TypeError): node is null from: server0.conn0.windowGlobal2147483651/pagestyle24 (resource://devtools/server/actors/page-style.js:570:5)
console.error: "Error while calling actor 'pagestyle's method 'getLayout'" "node is null"
console.error: (new TypeError("node is null", "resource://devtools/server/actors/page-style.js", 1001))
console.error: (new Error("Protocol error (TypeError): node is null from: server0.conn0.windowGlobal2147483651/pagestyle24 (resource://devtools/server/actors/page-style.js:1001:5)", "resource://devtools/shared/protocol/Front.js", 365))
console.error: "Error while calling actor 'pagestyle's method 'getApplied'" "node is null"
console.error: (new TypeError("node is null", "resource://devtools/server/actors/page-style.js", 570))
console.error: (new Error("Protocol error (TypeError): node is null from: server0.conn0.windowGlobal2147483651/pagestyle24 (resource://devtools/server/actors/page-style.js:570:5)", "resource://devtools/shared/protocol/Front.js", 365))
console.error: (new Error("Protocol error (TypeError): node is null from: server0.conn0.windowGlobal2147483651/pagestyle24 (resource://devtools/server/actors/page-style.js:570:5)", "resource://devtools/shared/protocol/Front.js", 365))
JavaScript error: resource://devtools/shared/protocol/Front.js, line 365: Error: Protocol error (TypeError): node is null from: server0.conn0.windowGlobal2147483651/pagestyle24 (resource://devtools/server/actors/page-style.js:570:5)
console.error: "Error while calling actor 'pagestyle's method 'getLayout'" "node is null"
console.error: (new TypeError("node is null", "resource://devtools/server/actors/page-style.js", 1001))
console.error: (new Error("Protocol error (TypeError): node is null from: server0.conn0.windowGlobal2147483651/pagestyle24 (resource://devtools/server/actors/page-style.js:1001:5)", "resource://devtools/shared/protocol/Front.js", 365))
console.error: "Error while calling actor 'pagestyle's method 'getLayout'" "node is null"
console.error: (new TypeError("node is null", "resource://devtools/server/actors/page-style.js", 1001))
console.error: (new Error("Protocol error (TypeError): node is null from: server0.conn0.windowGlobal2147483651/pagestyle24 (resource://devtools/server/actors/page-style.js:1001:5)", "resource://devtools/shared/protocol/Front.js", 365))
console.error: "Error while calling actor 'pagestyle's method 'getLayout'" "node is null"
console.error: (new TypeError("node is null", "resource://devtools/server/actors/page-style.js", 1001))
console.error: (new Error("Protocol error (TypeError): node is null from: server0.conn0.windowGlobal2147483651/pagestyle24 (resource://devtools/server/actors/page-style.js:1001:5)", "resource://devtools/shared/protocol/Front.js", 365))
console.error: "Error while calling actor 'pagestyle's method 'getLayout'" "node is null"
console.error: (new TypeError("node is null", "resource://devtools/server/actors/page-style.js", 1001))
console.error: (new Error("Protocol error (TypeError): node is null from: server0.conn0.windowGlobal2147483651/pagestyle24 (resource://devtools/server/actors/page-style.js:1001:5)", "resource://devtools/shared/protocol/Front.js", 365))
console.error: "Error while calling actor 'pagestyle's method 'getLayout'" "node is null"
console.error: (new TypeError("node is null", "resource://devtools/server/actors/page-style.js", 1001))
console.error: (new Error("Protocol error (TypeError): node is null from: server0.conn0.windowGlobal2147483651/pagestyle24 (resource://devtools/server/actors/page-style.js:1001:5)", "resource://devtools/shared/protocol/Front.js", 365))
console.error: "Error while calling actor 'pagestyle's method 'getLayout'" "node is null"
console.error: (new TypeError("node is null", "resource://devtools/server/actors/page-style.js", 1001))
console.error: (new Error("Protocol error (TypeError): node is null from: server0.conn0.windowGlobal2147483651/pagestyle24 (resource://devtools/server/actors/page-style.js:1001:5)", "resource://devtools/shared/protocol/Front.js", 365))
console.error: "Error while calling actor 'pagestyle's method 'getLayout'" "node is null"
console.error: (new TypeError("node is null", "resource://devtools/server/actors/page-style.js", 1001))
console.error: (new Error("Protocol error (TypeError): node is null from: server0.conn0.windowGlobal2147483651/pagestyle24 (resource://devtools/server/actors/page-style.js:1001:5)", "resource://devtools/shared/protocol/Front.js", 365))
console.error: "Error while calling actor 'pagestyle's method 'getApplied'" "node is null"
console.error: (new TypeError("node is null", "resource://devtools/server/actors/page-style.js", 570))
console.error: (new Error("Protocol error (TypeError): node is null from: server0.conn0.windowGlobal2147483651/pagestyle24 (resource://devtools/server/actors/page-style.js:570:5)", "resource://devtools/shared/protocol/Front.js", 365))
console.error: (new Error("Protocol error (TypeError): node is null from: server0.conn0.windowGlobal2147483651/pagestyle24 (resource://devtools/server/actors/page-style.js:570:5)", "resource://devtools/shared/protocol/Front.js", 365))
JavaScript error: resource://devtools/shared/protocol/Front.js, line 365: Error: Protocol error (TypeError): node is null from: server0.conn0.windowGlobal2147483651/pagestyle24 (resource://devtools/server/actors/page-style.js:570:5)
console.error: "Error while calling actor 'pagestyle's method 'getLayout'" "node is null"
console.error: (new TypeError("node is null", "resource://devtools/server/actors/page-style.js", 1001))
console.error: (new Error("Protocol error (TypeError): node is null from: server0.conn0.windowGlobal2147483651/pagestyle24 (resource://devtools/server/actors/page-style.js:1001:5)", "resource://devtools/shared/protocol/Front.js", 365))
console.error: "Error while calling actor 'pagestyle's method 'getLayout'" "node is null"
console.error: (new TypeError("node is null", "resource://devtools/server/actors/page-style.js", 1001))
console.error: (new Error("Protocol error (TypeError): node is null from: server0.conn0.windowGlobal2147483651/pagestyle24 (resource://devtools/server/actors/page-style.js:1001:5)", "resource://devtools/shared/protocol/Front.js", 365))
console.error: "Error while calling actor 'pagestyle's method 'getLayout'" "node is null"
console.error: (new TypeError("node is null", "resource://devtools/server/actors/page-style.js", 1001))
console.error: (new Error("Protocol error (TypeError): node is null from: server0.conn0.windowGlobal2147483651/pagestyle24 (resource://devtools/server/actors/page-style.js:1001:5)", "resource://devtools/shared/protocol/Front.js", 365))
console.error: "Error while calling actor 'pagestyle's method 'getLayout'" "node is null"
console.error: (new TypeError("node is null", "resource://devtools/server/actors/page-style.js", 1001))
console.error: (new Error("Protocol error (TypeError): node is null from: server0.conn0.windowGlobal2147483651/pagestyle24 (resource://devtools/server/actors/page-style.js:1001:5)", "resource://devtools/shared/protocol/Front.js", 365))
console.error: "Error while calling actor 'pagestyle's method 'getLayout'" "node is null"
console.error: (new TypeError("node is null", "resource://devtools/server/actors/page-style.js", 1001))
console.error: (new Error("Protocol error (TypeError): node is null from: server0.conn0.windowGlobal2147483651/pagestyle24 (resource://devtools/server/actors/page-style.js:1001:5)", "resource://devtools/shared/protocol/Front.js", 365))
console.error: "Error while calling actor 'pagestyle's method 'getApplied'" "node is null"
console.error: (new TypeError("node is null", "resource://devtools/server/actors/page-style.js", 570))
console.error: (new Error("Protocol error (TypeError): node is null from: server0.conn0.windowGlobal2147483651/pagestyle24 (resource://devtools/server/actors/page-style.js:570:5)", "resource://devtools/shared/protocol/Front.js", 365))
console.error: (new Error("Protocol error (TypeError): node is null from: server0.conn0.windowGlobal2147483651/pagestyle24 (resource://devtools/server/actors/page-style.js:570:5)", "resource://devtools/shared/protocol/Front.js", 365))
JavaScript error: resource://devtools/shared/protocol/Front.js, line 365: Error: Protocol error (TypeError): node is null from: server0.conn0.windowGlobal2147483651/pagestyle24 (resource://devtools/server/actors/page-style.js:570:5)
console.error: "Error while calling actor 'pagestyle's method 'getLayout'" "node is null"
console.error: (new TypeError("node is null", "resource://devtools/server/actors/page-style.js", 1001))
console.error: (new Error("Protocol error (TypeError): node is null from: server0.conn0.windowGlobal2147483651/pagestyle24 (resource://devtools/server/actors/page-style.js:1001:5)", "resource://devtools/shared/protocol/Front.js", 365))
console.error: "Error while calling actor 'pagestyle's method 'getLayout'" "node is null"
console.error: (new TypeError("node is null", "resource://devtools/server/actors/page-style.js", 1001))
console.error: (new Error("Protocol error (TypeError): node is null from: server0.conn0.windowGlobal2147483651/pagestyle24 (resource://devtools/server/actors/page-style.js:1001:5)", "resource://devtools/shared/protocol/Front.js", 365))
console.error: "Error while calling actor 'pagestyle's method 'getLayout'" "node is null"
console.error: (new TypeError("node is null", "resource://devtools/server/actors/page-style.js", 1001))
console.error: (new Error("Protocol error (TypeError): node is null from: server0.conn0.windowGlobal2147483651/pagestyle24 (resource://devtools/server/actors/page-style.js:1001:5)", "resource://devtools/shared/protocol/Front.js", 365))
console.error: "Error while calling actor 'pagestyle's method 'getLayout'" "node is null"
console.error: (new TypeError("node is null", "resource://devtools/server/actors/page-style.js", 1001))
console.error: (new Error("Protocol error (TypeError): node is null from: server0.conn0.windowGlobal2147483651/pagestyle24 (resource://devtools/server/actors/page-style.js:1001:5)", "resource://devtools/shared/protocol/Front.js", 365))
console.error: "Error while calling actor 'pagestyle's method 'getLayout'" "node is null"
console.error: (new TypeError("node is null", "resource://devtools/server/actors/page-style.js", 1001))
console.error: (new Error("Protocol error (TypeError): node is null from: server0.conn0.windowGlobal2147483651/pagestyle24 (resource://devtools/server/actors/page-style.js:1001:5)", "resource://devtools/shared/protocol/Front.js", 365))
console.error: "Error while calling actor 'pagestyle's method 'getLayout'" "node is null"
console.error: (new TypeError("node is null", "resource://devtools/server/actors/page-style.js", 1001))
console.error: (new Error("Protocol error (TypeError): node is null from: server0.conn0.windowGlobal2147483651/pagestyle24 (resource://devtools/server/actors/page-style.js:1001:5)", "resource://devtools/shared/protocol/Front.js", 365))
console.error: "Error while calling actor 'pagestyle's method 'getLayout'" "node is null"
console.error: (new TypeError("node is null", "resource://devtools/server/actors/page-style.js", 1001))
console.error: (new Error("Protocol error (TypeError): node is null from: server0.conn0.windowGlobal2147483651/pagestyle24 (resource://devtools/server/actors/page-style.js:1001:5)", "resource://devtools/shared/protocol/Front.js", 365))
console.error: "Error while calling actor 'pagestyle's method 'getLayout'" "node is null"
console.error: (new TypeError("node is null", "resource://devtools/server/actors/page-style.js", 1001))
console.error: (new Error("Protocol error (TypeError): node is null from: server0.conn0.windowGlobal2147483651/pagestyle24 (resource://devtools/server/actors/page-style.js:1001:5)", "resource://devtools/shared/protocol/Front.js", 365))
console.error: "Error while calling actor 'pagestyle's method 'getLayout'" "node is null"
console.error: (new TypeError("node is null", "resource://devtools/server/actors/page-style.js", 1001))
console.error: (new Error("Protocol error (TypeError): node is null from: server0.conn0.windowGlobal2147483651/pagestyle24 (resource://devtools/server/actors/page-style.js:1001:5)", "resource://devtools/shared/protocol/Front.js", 365))
console.error: "Error while calling actor 'pagestyle's method 'getLayout'" "node is null"
console.error: (new TypeError("node is null", "resource://devtools/server/actors/page-style.js", 1001))
console.error: (new Error("Protocol error (TypeError): node is null from: server0.conn0.windowGlobal2147483651/pagestyle24 (resource://devtools/server/actors/page-style.js:1001:5)", "resource://devtools/shared/protocol/Front.js", 365))
console.error: "Error while calling actor 'pagestyle's method 'getLayout'" "node is null"
console.error: (new TypeError("node is null", "resource://devtools/server/actors/page-style.js", 1001))
console.error: (new Error("Protocol error (TypeError): node is null from: server0.conn0.windowGlobal2147483651/pagestyle24 (resource://devtools/server/actors/page-style.js:1001:5)", "resource://devtools/shared/protocol/Front.js", 365))
console.error: "Error while calling actor 'pagestyle's method 'getLayout'" "node is null"
console.error: (new TypeError("node is null", "resource://devtools/server/actors/page-style.js", 1001))
console.error: (new Error("Protocol error (TypeError): node is null from: server0.conn0.windowGlobal2147483651/pagestyle24 (resource://devtools/server/actors/page-style.js:1001:5)", "resource://devtools/shared/protocol/Front.js", 365))
console.error: "Error while calling actor 'pagestyle's method 'getLayout'" "node is null"
console.error: (new TypeError("node is null", "resource://devtools/server/actors/page-style.js", 1001))
console.error: (new Error("Protocol error (TypeError): node is null from: server0.conn0.windowGlobal2147483651/pagestyle24 (resource://devtools/server/actors/page-style.js:1001:5)", "resource://devtools/shared/protocol/Front.js", 365))
console.error: "Error while calling actor 'pagestyle's method 'getLayout'" "node is null"
console.error: (new TypeError("node is null", "resource://devtools/server/actors/page-style.js", 1001))
console.error: (new Error("Protocol error (TypeError): node is null from: server0.conn0.windowGlobal2147483651/pagestyle24 (resource://devtools/server/actors/page-style.js:1001:5)", "resource://devtools/shared/protocol/Front.js", 365))
console.error: "Error while calling actor 'pagestyle's method 'getLayout'" "node is null"
console.error: (new TypeError("node is null", "resource://devtools/server/actors/page-style.js", 1001))
console.error: (new Error("Protocol error (TypeError): node is null from: server0.conn0.windowGlobal2147483651/pagestyle24 (resource://devtools/server/actors/page-style.js:1001:5)", "resource://devtools/shared/protocol/Front.js", 365))
console.error: "Error while calling actor 'pagestyle's method 'getApplied'" "node is null"
console.error: (new TypeError("node is null", "resource://devtools/server/actors/page-style.js", 570))
console.error: (new Error("Protocol error (TypeError): node is null from: server0.conn0.windowGlobal2147483651/pagestyle24 (resource://devtools/server/actors/page-style.js:570:5)", "resource://devtools/shared/protocol/Front.js", 365))
console.error: (new Error("Protocol error (TypeError): node is null from: server0.conn0.windowGlobal2147483651/pagestyle24 (resource://devtools/server/actors/page-style.js:570:5)", "resource://devtools/shared/protocol/Front.js", 365))
JavaScript error: resource://devtools/shared/protocol/Front.js, line 365: Error: Protocol error (TypeError): node is null from: server0.conn0.windowGlobal2147483651/pagestyle24 (resource://devtools/server/actors/page-style.js:570:5)
console.error: "Error while calling actor 'pagestyle's method 'getLayout'" "node is null"
console.error: (new TypeError("node is null", "resource://devtools/server/actors/page-style.js", 1001))
console.error: (new Error("Protocol error (TypeError): node is null from: server0.conn0.windowGlobal2147483651/pagestyle24 (resource://devtools/server/actors/page-style.js:1001:5)", "resource://devtools/shared/protocol/Front.js", 365))
console.error: "Error while calling actor 'pagestyle's method 'getLayout'" "node is null"
console.error: (new TypeError("node is null", "resource://devtools/server/actors/page-style.js", 1001))
console.error: (new Error("Protocol error (TypeError): node is null from: server0.conn0.windowGlobal2147483651/pagestyle24 (resource://devtools/server/actors/page-style.js:1001:5)", "resource://devtools/shared/protocol/Front.js", 365))
console.error: "Error while calling actor 'pagestyle's method 'getApplied'" "node is null"
console.error: (new TypeError("node is null", "resource://devtools/server/actors/page-style.js", 570))
console.error: (new Error("Protocol error (TypeError): node is null from: server0.conn0.windowGlobal2147483651/pagestyle24 (resource://devtools/server/actors/page-style.js:570:5)", "resource://devtools/shared/protocol/Front.js", 365))
console.error: (new Error("Protocol error (TypeError): node is null from: server0.conn0.windowGlobal2147483651/pagestyle24 (resource://devtools/server/actors/page-style.js:570:5)", "resource://devtools/shared/protocol/Front.js", 365))
JavaScript error: resource://devtools/shared/protocol/Front.js, line 365: Error: Protocol error (TypeError): node is null from: server0.conn0.windowGlobal2147483651/pagestyle24 (resource://devtools/server/actors/page-style.js:570:5)
console.error: "Error while calling actor 'pagestyle's method 'getLayout'" "node is null"
console.error: (new TypeError("node is null", "resource://devtools/server/actors/page-style.js", 1001))
console.error: (new Error("Protocol error (TypeError): node is null from: server0.conn0.windowGlobal2147483651/pagestyle24 (resource://devtools/server/actors/page-style.js:1001:5)", "resource://devtools/shared/protocol/Front.js", 365))
console.error: "Error while calling actor 'pagestyle's method 'getLayout'" "node is null"
console.error: (new TypeError("node is null", "resource://devtools/server/actors/page-style.js", 1001))
console.error: (new Error("Protocol error (TypeError): node is null from: server0.conn0.windowGlobal2147483651/pagestyle24 (resource://devtools/server/actors/page-style.js:1001:5)", "resource://devtools/shared/protocol/Front.js", 365))
console.error: "Error while calling actor 'pagestyle's method 'getLayout'" "node is null"
console.error: (new TypeError("node is null", "resource://devtools/server/actors/page-style.js", 1001))
console.error: (new Error("Protocol error (TypeError): node is null from: server0.conn0.windowGlobal2147483651/pagestyle24 (resource://devtools/server/actors/page-style.js:1001:5)", "resource://devtools/shared/protocol/Front.js", 365))
console.error: "Error while calling actor 'pagestyle's method 'getLayout'" "node is null"
console.error: (new TypeError("node is null", "resource://devtools/server/actors/page-style.js", 1001))
console.error: (new Error("Protocol error (TypeError): node is null from: server0.conn0.windowGlobal2147483651/pagestyle24 (resource://devtools/server/actors/page-style.js:1001:5)", "resource://devtools/shared/protocol/Front.js", 365))
console.error: "Error while calling actor 'pagestyle's method 'getLayout'" "node is null"
console.error: (new TypeError("node is null", "resource://devtools/server/actors/page-style.js", 1001))
console.error: (new Error("Protocol error (TypeError): node is null from: server0.conn0.windowGlobal2147483651/pagestyle24 (resource://devtools/server/actors/page-style.js:1001:5)", "resource://devtools/shared/protocol/Front.js", 365))
console.error: "Error while calling actor 'pagestyle's method 'getLayout'" "node is null"
console.error: (new TypeError("node is null", "resource://devtools/server/actors/page-style.js", 1001))
console.error: (new Error("Protocol error (TypeError): node is null from: server0.conn0.windowGlobal2147483651/pagestyle24 (resource://devtools/server/actors/page-style.js:1001:5)", "resource://devtools/shared/protocol/Front.js", 365))
console.error: "Error while calling actor 'pagestyle's method 'getLayout'" "node is null"
console.error: (new TypeError("node is null", "resource://devtools/server/actors/page-style.js", 1001))
console.error: (new Error("Protocol error (TypeError): node is null from: server0.conn0.windowGlobal2147483651/pagestyle24 (resource://devtools/server/actors/page-style.js:1001:5)", "resource://devtools/shared/protocol/Front.js", 365))
console.error: "Error while calling actor 'pagestyle's method 'getLayout'" "node is null"
console.error: (new TypeError("node is null", "resource://devtools/server/actors/page-style.js", 1001))
console.error: (new Error("Protocol error (TypeError): node is null from: server0.conn0.windowGlobal2147483651/pagestyle24 (resource://devtools/server/actors/page-style.js:1001:5)", "resource://devtools/shared/protocol/Front.js", 365))
console.error: "Error while calling actor 'pagestyle's method 'getLayout'" "node is null"
console.error: (new TypeError("node is null", "resource://devtools/server/actors/page-style.js", 1001))
console.error: (new Error("Protocol error (TypeError): node is null from: server0.conn0.windowGlobal2147483651/pagestyle24 (resource://devtools/server/actors/page-style.js:1001:5)", "resource://devtools/shared/protocol/Front.js", 365))
console.error: "Error while calling actor 'pagestyle's method 'getLayout'" "node is null"
console.error: (new TypeError("node is null", "resource://devtools/server/actors/page-style.js", 1001))
console.error: (new Error("Protocol error (TypeError): node is null from: server0.conn0.windowGlobal2147483651/pagestyle24 (resource://devtools/server/actors/page-style.js:1001:5)", "resource://devtools/shared/protocol/Front.js", 365))
1641393009345	Marionette	INFO	Stopped listening on port 59902
console.warn: TopSitesFeed: Failed to fetch data from Contile server: NetworkError when attempting to fetch resource.
[Parent 68880, IPC I/O Parent] WARNING: file /builds/worker/checkouts/gecko/ipc/chromium/src/base/process_util_win.cc:167
1641393114546	geckodriver	INFO	Listening on 127.0.0.1:60064
1641393117593	mozrunner::runner	INFO	Running command: "C:\\Program Files\\Mozilla Firefox\\firefox.exe" "--marionette" "--remote-debugging-port" "60065" "-no-remote" "-profile" "C:\\Users\\afdum\\AppData\\Local\\Temp\\rust_mozprofile58MmY1"
1641393118229	Marionette	INFO	Marionette enabled
console.warn: SearchSettings: "get: No settings file exists, new profile?" (new NotFoundError("Could not open the file at C:\\Users\\afdum\\AppData\\Local\\Temp\\rust_mozprofile58MmY1\\search.json.mozlz4", (void 0)))
DevTools listening on ws://localhost:60065/devtools/browser/299e5f4a-edd5-4553-a6ec-72e90237831c
1641393122419	Marionette	INFO	Listening on port 60071
1641393122480	RemoteAgent	WARN	TLS certificate errors will be ignored for this session
IPDL protocol error: Handler returned error code!

###!!! [Parent][DispatchAsyncMessage] Error: PClientManager::Msg_ExpectFutureClientSource Processing error: message was deserialized, but the handler returned false (indicating failure)

IPDL protocol error: Handler returned error code!

###!!! [Parent][DispatchAsyncMessage] Error: PClientManager::Msg_ForgetFutureClientSource Processing error: message was deserialized, but the handler returned false (indicating failure)

IPDL protocol error: Handler returned error code!

###!!! [Parent][DispatchAsyncMessage] Error: PClientManager::Msg_ExpectFutureClientSource Processing error: message was deserialized, but the handler returned false (indicating failure)

IPDL protocol error: Handler returned error code!

###!!! [Parent][DispatchAsyncMessage] Error: PClientManager::Msg_ForgetFutureClientSource Processing error: message was deserialized, but the handler returned false (indicating failure)

console.log: WebExtensions: reset-default-search: starting.
console.log: WebExtensions: reset-default-search: No addons in our list are installed.
1641393635787	Marionette	INFO	Stopped listening on port 60071
 "-no-remote" "-profile" "C:\\Users\\afdum\\AppData\\Local\\Temp\\rust_mozprofile3mu3Eh"
1641393237126	Marionette	INFO	Marionette enabled
console.warn: SearchSettings: "get: No settings file exists, new profile?" (new NotFoundError("Could not open the file at C:\\Users\\afdum\\AppData\\Local\\Temp\\rust_mozprofile3mu3Eh\\search.json.mozlz4", (void 0)))
DevTools listening on ws://localhost:60206/devtools/browser/472bf58c-9f93-4202-a460-603acc79326d
1641393240910	Marionette	INFO	Listening on port 60212
1641393241432	RemoteAgent	WARN	TLS certificate errors will be ignored for this session
1641393636901	Marionette	INFO	Stopped listening on port 60212
console.warn: TopSitesFeed: Failed to fetch data from Contile server: NetworkError when attempting to fetch resource.
remote-debugging-port" "60333" "-no-remote" "-profile" "C:\\Users\\afdum\\AppData\\Local\\Temp\\rust_mozprofile8v8Zto"
1641393337561	Marionette	INFO	Marionette enabled
console.warn: SearchSettings: "get: No settings file exists, new profile?" (new NotFoundError("Could not open the file at C:\\Users\\afdum\\AppData\\Local\\Temp\\rust_mozprofile8v8Zto\\search.json.mozlz4", (void 0)))
DevTools listening on ws://localhost:60333/devtools/browser/b5ba99d6-f5ba-45ce-a6e3-de9fa399ea34
1641393342048	Marionette	INFO	Listening on port 60341
1641393342284	RemoteAgent	WARN	TLS certificate errors will be ignored for this session
JavaScript error: , line 0: TypeError: NetworkError when attempting to fetch resource.
JavaScript error: https://script.crazyegg.com/pages/scripts/0085/1990.js, line 1: Error: CE: multiple userscripts installed
1641393637321	Marionette	INFO	Stopped listening on port 60341
console.warn: TopSitesFeed: Failed to fetch data from Contile server: NetworkError when attempting to fetch resource.

###!!! [Parent][MessageChannel] Error: (msgtype=0x39007A,name=PContent::Msg_DestroyBrowsingContextGroup) Closed channel: cannot send/recv


###!!! [Parent][RunMessage] Error: Channel closing: too late to send/recv, messages will be lost

new NotFoundError("Could not open the file at C:\\Users\\afdum\\AppData\\Local\\Temp\\rust_mozprofileME1sfw\\search.json.mozlz4", (void 0)))
DevTools listening on ws://localhost:60629/devtools/browser/2a98f1df-ccf4-4955-8cd2-6bbf5fc31b12
1641393491979	Marionette	INFO	Listening on port 60637
1641393492507	RemoteAgent	WARN	TLS certificate errors will be ignored for this session
1641393494580	Marionette	INFO	Stopped listening on port 60637
JavaScript error: chrome://remote/content/marionette/cert.js, line 55: NS_ERROR_NOT_AVAILABLE: Component returned failure code: 0x80040111 (NS_ERROR_NOT_AVAILABLE) [nsICertOverrideService.setDisableAllSecurityChecksAndLetAttackersInterceptMyData]
[Parent 62972, IPC I/O Parent] WARNING: file /builds/worker/checkouts/gecko/ipc/chromium/src/base/process_util_win.cc:167
1641393499278	geckodriver	INFO	Listening on 127.0.0.1:60692
1641393502403	mozrunner::runner	INFO	Running command: "C:\\Program Files\\Mozilla Firefox\\firefox.exe" "--marionette" "--remote-debugging-port" "60693" "-no-remote" "-profile" "C:\\Users\\afdum\\AppData\\Local\\Temp\\rust_mozprofile7aCyS1"
1641393503324	Marionette	INFO	Marionette enabled
console.warn: SearchSettings: "get: No settings file exists, new profile?" (new NotFoundError("Could not open the file at C:\\Users\\afdum\\AppData\\Local\\Temp\\rust_mozprofile7aCyS1\\search.json.mozlz4", (void 0)))
DevTools listening on ws://localhost:60693/devtools/browser/b785f35b-7d5c-4e83-a1a5-f1106c5587f0
1641393508043	Marionette	INFO	Listening on port 60703
1641393508501	RemoteAgent	WARN	TLS certificate errors will be ignored for this session
1641393641291	Marionette	INFO	Stopped listening on port 60703
[Parent 68736, IPC I/O Parent] WARNING: file /builds/worker/checkouts/gecko/ipc/chromium/src/base/process_util_win.cc:167
[Parent 68736, IPC I/O Parent] WARNING: file /builds/worker/checkouts/gecko/ipc/chromium/src/base/process_util_win.cc:167
86286	Marionette	INFO	Marionette enabled
console.warn: SearchSettings: "get: No settings file exists, new profile?" (new NotFoundError("Could not open the file at C:\\Users\\afdum\\AppData\\Local\\Temp\\rust_mozprofilenkaG2n\\search.json.mozlz4", (void 0)))
DevTools listening on ws://localhost:60833/devtools/browser/6418c711-a141-4768-b1b7-dba923cca58a
1641393592664	Marionette	INFO	Listening on port 60840
1641393592755	RemoteAgent	WARN	TLS certificate errors will be ignored for this session
1641393600758	Marionette	WARN	Ignoring event 'DOMContentLoaded' because document has an invalid readyState of 'complete'.
1641393639123	Marionette	INFO	Stopped listening on port 60840
[Parent 17872, IPC I/O Parent] WARNING: file /builds/worker/checkouts/gecko/ipc/chromium/src/base/process_util_win.cc:167
[Parent 17872, IPC I/O Parent] WARNING: file /builds/worker/checkouts/gecko/ipc/chromium/src/base/process_util_win.cc:167
[Parent 17872, IPC I/O Parent] WARNING: file /builds/worker/checkouts/gecko/ipc/chromium/src/base/process_util_win.cc:167
1641393774373	geckodriver	INFO	Listening on 127.0.0.1:59481
1641393777397	mozrunner::runner	INFO	Running command: "C:\\Program Files\\Mozilla Firefox\\firefox.exe" "--marionette" "--remote-debugging-port" "59482" "-no-remote" "-profile" "C:\\Users\\afdum\\AppData\\Local\\Temp\\rust_mozprofileGw8Tyi"
1641393778155	Marionette	INFO	Marionette enabled
console.warn: SearchSettings: "get: No settings file exists, new profile?" (new NotFoundError("Could not open the file at C:\\Users\\afdum\\AppData\\Local\\Temp\\rust_mozprofileGw8Tyi\\search.json.mozlz4", (void 0)))
DevTools listening on ws://localhost:59482/devtools/browser/c9ad3dcc-7a64-4048-b1b2-7c25a2777990
1641393781735	Marionette	INFO	Listening on port 59488
1641393782241	RemoteAgent	WARN	TLS certificate errors will be ignored for this session
1641394201835	Marionette	INFO	Stopped listening on port 59488
console.warn: TopSitesFeed: Failed to fetch data from Contile server: NetworkError when attempting to fetch resource.
remote-debugging-port" "59571" "-no-remote" "-profile" "C:\\Users\\afdum\\AppData\\Local\\Temp\\rust_mozprofileAcm2MF"
1641393842402	Marionette	INFO	Marionette enabled
console.warn: SearchSettings: "get: No settings file exists, new profile?" (new NotFoundError("Could not open the file at C:\\Users\\afdum\\AppData\\Local\\Temp\\rust_mozprofileAcm2MF\\search.json.mozlz4", (void 0)))
DevTools listening on ws://localhost:59571/devtools/browser/1c43aa89-944f-4bf3-a7dd-e3be742b0ba8
1641393845483	Marionette	INFO	Listening on port 59579
1641393845949	RemoteAgent	WARN	TLS certificate errors will be ignored for this session
console.warn: LoginRecipes: "getRecipes: falling back to a synchronous message for:" "http://localhost:8000"
1641394198606	Marionette	INFO	Stopped listening on port 59579
console.warn: TopSitesFeed: Failed to fetch data from Contile server: NetworkError when attempting to fetch resource.
remote-debugging-port" "59703" "-no-remote" "-profile" "C:\\Users\\afdum\\AppData\\Local\\Temp\\rust_mozprofileXcDz0o"
1641393956855	Marionette	INFO	Marionette enabled
console.warn: SearchSettings: "get: No settings file exists, new profile?" (new NotFoundError("Could not open the file at C:\\Users\\afdum\\AppData\\Local\\Temp\\rust_mozprofileXcDz0o\\search.json.mozlz4", (void 0)))
DevTools listening on ws://localhost:59703/devtools/browser/fb4720bc-3c95-401f-bdb2-3434ac37cc36
1641393960246	Marionette	INFO	Listening on port 59710
1641393960329	RemoteAgent	WARN	TLS certificate errors will be ignored for this session
1641394196240	Marionette	INFO	Stopped listening on port 59710

###!!! [Parent][RunMessage] Error: Channel closing: too late to send/recv, messages will be lost

--marionette" "--remote-debugging-port" "59832" "-no-remote" "-profile" "C:\\Users\\afdum\\AppData\\Local\\Temp\\rust_mozprofilepPEwF2"
1641394066436	Marionette	INFO	Marionette enabled
console.warn: SearchSettings: "get: No settings file exists, new profile?" (new NotFoundError("Could not open the file at C:\\Users\\afdum\\AppData\\Local\\Temp\\rust_mozprofilepPEwF2\\search.json.mozlz4", (void 0)))
DevTools listening on ws://localhost:59832/devtools/browser/00dcf018-568e-4130-a7dd-b7de38747644
1641394070828	Marionette	INFO	Listening on port 59839
1641394070983	RemoteAgent	WARN	TLS certificate errors will be ignored for this session
1641394201068	Marionette	INFO	Stopped listening on port 59839
JavaScript error: resource://devtools/shared/protocol/Front.js, line 106: Error: Connection closed, pending request to server0.conn0.windowGlobal2147483651/domnode69, type setNodeValue failed

Request stack:
request@resource://devtools/shared/protocol/Front.js:292:14
generateRequestMethods/</frontProto[name]@resource://devtools/shared/protocol/Front/FrontClassWithSpec.js:46:19
showTextEditor/done/</<@resource://devtools/client/inspector/markup/views/text-editor.js:101:25
do@resource://devtools/cDevTools listening on ws://localhost:59992/devtools/browser/235d171f-4741-4f25-90d8-e1dc1f3ceb0b
1641394203263	Marionette	INFO	Listening on port 59998
1641394203673	RemoteAgent	WARN	TLS certificate errors will be ignored for this session
console.log: WebExtensions: reset-default-search: starting.
console.log: WebExtensions: reset-default-search: No addons in our list are installed.
JavaScript error: , line 0: TypeError: NetworkError when attempting to fetch resource.
JavaScript warning: https://pagead2.googlesyndication.com/bg/b_8rsBg2pSAE7OSEuXeXkmKAJRzK7XLbOE8Wp2RNR2Q.js line 1 > eval line 6703 > eval line 1 > eval, line 1: WEBGL_debug_renderer_info is deprecated in Firefox and will be removed. Please use RENDERER.
JavaScript error: , line 0: TypeError: NetworkError when attempting to fetch resource.
JavaScript error: , line 0: TypeError: NetworkError when attempting to fetch resource.
JavaScript warning: https://pagead2.googlesyndication.com/bg/b_8rsBg2pSAE7OSEuXeXkmKAJRzK7XLbOE8Wp2RNR2Q.js line 1 > eval line 2006 > eval, line 1: WEBGL_debug_renderer_info is deprecated in Firefox and will be removed. Please use RENDERER.
1641397129010	Marionette	INFO	Stopped listening on port 59998
JavaScript error: , line 0: TypeError: NetworkError when attempting to fetch resource.
JavaScript error: , line 0: TypeError: NetworkError when attempting to fetch resource.
console.warn: TopSitesFeed: Failed to fetch data from Contile server: NetworkError when attempting to fetch resource.
d to fetch data from Contile server: NetworkError when attempting to fetch resource.
Marionette enabled
console.warn: SearchSettings: "get: No settings file exists, new profile?" (new NotFoundError("Could not open the file at C:\\Users\\afdum\\AppData\\Local\\Temp\\rust_mozprofileMM9gDp\\search.json.mozlz4", (void 0)))
DevTools listening on ws://localhost:54617/devtools/browser/33d8f489-717c-4af4-b5c2-4d0c98113c81
1641396451613	Marionette	INFO	Listening on port 54622
1641396452035	RemoteAgent	WARN	TLS certificate errors will be ignored for this session
console.error: (new TypeError("parent is null", "resource://devtools/client/inspector/shared/style-change-tracker.js", 67))
TypeError: parent is null: canMutationImpactCurrentStyles@resource://devtools/client/inspector/shared/style-change-tracker.js:67:24
onMutations@resource://devtools/client/inspector/shared/style-change-tracker.js:84:41
_emit@resource://devtools/shared/event-emitter.js:244:34
emit@resource://devtools/shared/event-emitter.js:190:18
emit@resource://devtools/shared/event-emitter.js:342:18
getMutations@resource://devtools/client/fronts/walker.js:311:10

console.log: WebExtensions: reset-default-search: starting.
console.log: WebExtensions: reset-default-search: No addons in our list are installed.
1641397095174	Marionette	INFO	Stopped listening on port 54622
console.warn: TopSitesFeed: Failed to fetch data from Contile server: NetworkError when attempting to fetch resource.
[Parent 72348, IPC I/O Parent] WARNING: file /builds/worker/checkouts/gecko/ipc/chromium/src/base/process_util_win.cc:167
profile" "C:\\Users\\afdum\\AppData\\Local\\Temp\\rust_mozprofilejsAI9T"
1641396587878	Marionette	INFO	Marionette enabled
console.warn: SearchSettings: "get: No settings file exists, new profile?" (new NotFoundError("Could not open the file at C:\\Users\\afdum\\AppData\\Local\\Temp\\rust_mozprofilejsAI9T\\search.json.mozlz4", (void 0)))
DevTools listening on ws://localhost:54779/devtools/browser/da38acbc-b74b-4a36-8040-be747228c81e
1641396593463	Marionette	INFO	Listening on port 54784
1641396593633	RemoteAgent	WARN	TLS certificate errors will be ignored for this session
console.error: (new TypeError("parent is null", "resource://devtools/client/inspector/shared/style-change-tracker.js", 67))
TypeError: parent is null: canMutationImpactCurrentStyles@resource://devtools/client/inspector/shared/style-change-tracker.js:67:24
onMutations@resource://devtools/client/inspector/shared/style-change-tracker.js:84:41
_emit@resource://devtools/shared/event-emitter.js:244:34
emit@resource://devtools/shared/event-emitter.js:190:18
emit@resource://devtools/shared/event-emitter.js:342:18
getMutations@resource://devtools/client/fronts/walker.js:311:10

JavaScript warning: https://pagead2.googlesyndication.com/bg/b_8rsBg2pSAE7OSEuXeXkmKAJRzK7XLbOE8Wp2RNR2Q.js line 1 > eval line 4329 > eval line 1 > eval, line 1: WEBGL_debug_renderer_info is deprecated in Firefox and will be removed. Please use RENDERER.
console.error: (new TypeError("parent is null", "resource://devtools/client/inspector/shared/style-change-tracker.js", 67))
TypeError: parent is null: canMutationImpactCurrentStyles@resource://devtools/client/inspector/shared/style-change-tracker.js:67:24
onMutations@resource://devtools/client/inspector/shared/style-change-tracker.js:84:41
_emit@resource://devtools/shared/event-emitter.js:244:34
emit@resource://devtools/shared/event-emitter.js:190:18
emit@resource://devtools/shared/event-emitter.js:342:18
getMutations@resource://devtools/client/fronts/walker.js:311:10

JavaScript warning: https://pagead2.googlesyndication.com/bg/b_8rsBg2pSAE7OSEuXeXkmKAJRzK7XLbOE8Wp2RNR2Q.js line 1 > eval line 6675 > eval line 1 > eval, line 1: WEBGL_debug_renderer_info is deprecated in Firefox and will be r1641397091758	Marionette	INFO	console.log: WebExtensions: reset-default-search: starting.
console.log: WebExtensions: reset-default-search: No addons in our list are installed.
1641397126644	Marionette	INFO	Stopped listening on port 54784
JavaScript warning: https://cdn.js7k.com/rq/iv/inside.js, line 1: WEBGL_debug_renderer_info is deprecated in Firefox and will be removed. Please use RENDERER.
JavaScript error: , line 0: TypeError: NetworkError when attempting to fetch resource.
JavaScript error: , line 0: TypeError: NetworkError when attempting to fetch resource.
mozlz4", (void 0)))
DevTools listening on ws://localhost:55663/devtools/browser/bb45d2aa-aa94-4c12-8fd6-a26837f4648a
1641397105370	Marionette	INFO	Listening on port 55669
1641397105994	RemoteAgent	WARN	TLS certificate errors will be ignored for this session
1641397161558	Marionette	INFO	Stopped listening on port 55661641397164073	mozrunner::runner	INFO	Running command: "C:\\Program Files\\Mozilla Firefox\\firefox.exe" "--marionette" "--remote-debugging-port" "63542" "-no-remote" "-profile" "C:\\Users\\afdum\\AppData\\Local\\Temp\\rust_mozprofileqzQSvB"
1641397165823	Marionette	INFO	Marionette enabled
console.warn: SearchSettings: "get: No settings file exists, new profile?" (new NotFoundError("Could not open the file at C:\\Users\\afdum\\AppData\\Local\\Temp\\rust_mozprofileqzQSvB\\search.json.mozlz4", (void 0)))
DevTools listening on ws://localhost:63542/devtools/browser/52c8e6a4-ffa6-4506-9344-9ca2fd6a3939
1641397171989	Marionette	INFO	Listening on port 63551
1641397172243	RemoteAgent	WARN	TLS certificate errors will be ignored for this session
console.log: WebExtensions: reset-default-search: starting.
console.log: WebExtensions: reset-default-search: No addons in our list are installed.
1641397701262	Marionette	INFO	Stopped listening on port 63551
console.warn: TopSitesFeed: Failed to fetch data from Contile server: NetworkError when attempting to fetch resource.
Marionette enabled
console.warn: SearchSettings: "get: No settings file exists, new profile?" (new NotFoundError("Could not open the file at C:\\Users\\afdum\\AppData\\Local\\Temp\\rust_mozprofilekYPRfY\\search.json.mozlz4", (void 0)))
DevTools listening on ws://localhost:63629/devtools/browser/443bdec7-9ae8-49d6-93d5-faab07a76e7f
1641397312096	Marionette	INFO	Listening on port 63634
1641397312375	RemoteAgent	WARN	TLS certificate errors will be ignored for this session
1641397699236	Marionette	INFO	Stopped listening on port 63634
console.warn: services.settings: blocklists/gfx sync interrupted by shutdown
console.warn: services.settings: blocklists/addons-bloomfilters sync interrupted by shutdown
console.warn: services.settings: main/normandy-recipes-capabilities sync interrupted by shutdown
[Parent 65012, IPC I/O Parent] WARNING: file /builds/worker/checkouts/gecko/ipc/chromium/src/base/process_util_win.cc:167
[Parent 65012, IPC I/O Parent] WARNING: file /builds/worker/checkouts/gecko/ipc/chromium/src/base/process_util_win.cc:167
console.warn: services.settings: main/sites-classification sync interrupted by shutdown
console.warn: services.settings: main/anti-tracking-url-decoration sync interrupted by shutdown
console.warn: services.settings: main/languag1641397705396	Marionette	INFO	Stopped listening on port 63695
console.warn: TopSitesFeed: Failed to fetch data from Contile server: NetworkError when attempting to fetch resource.
lt-override-allowlist sync interrupted by shutdown
console.warn: services.settings: main/doh-providers sync interrupted by shutdown
console.warn: services.settings: main/search-config sync interrupted by shutdown
console.warn: services.settings: main/hijack-blocklists sync interrupted by shutdown
console.warn: services.settings: main/url-classifier-skip-urls sync interrupted by shutdown
console.warn: services.settings: main/pioneer-study-addons-v1 sync interrupted by shutdown
console.warn: services.settings: main/query-stripping sync interrupted by shutdown
console.warn: services.settings: main/fxmonitor-breaches 1641397704240	Marionette	INFO	Stopped listening on port 63845
console.warn: TopSitesFeed: Failed to fetch data from Contile server: NetworkError when attempting to fetch resource.

###!!! [Parent][RunMessage] Error: Channel closing: too late to send/recv, messages will be lost

terrupted by shutdown
console.warn: services.settings: main/top-sites sync interrupted by shutdown
console.warn: services.settings: main/doh-config sync interrupted by shutdown
console.warn: services.settings: main/password-recipes sync interrupted by shutdown
console.warn: services.settings: security-state/intermediates sync interrupted by shutdown
console.warn: services.settings: security-state/cert-revocations sync interrupted by shutdown
console.warn: services.settings: security-state/onecrl sync interrupted by shutdown
15	Marionette	INFO	Stopped listening on port 63932
console.warn: TopSitesFeed: Failed to fetch data from Contile server: NetworkError when attempting to fetch resource.
[Parent 41952, IPC I/O Parent] WARNING: file /builds/worker/checkouts/gecko/ipc/chromium/src/base/process_util_win.cc:167

###!!! [Parent][RunMessage] Error: Channel closing: too late to send/recv, messages will be lost

1641397708769	geckodriver	INFO	Listening on 127.0.0.1:64037
1641397711797	mozrunner::runner	INFO	Running command: "C:\\Program Files\\Mozilla Firefox\\firefox.exe" "--marionette" "--remote-debugging-port" "64038" "-no-remote" "-profile" "C:\\Users\\afdum\\AppData\\Local\\Temp\\rust_mozprofileBGQYa3"
1641397712491	Marionette	INFO	Marionette enabled
console.warn: SearchSettings: "get: No settings file exists, new profile?" (new NotFoundError("Could not open the file at C:\\Users\\afdum\\AppData\\Local\\Temp\\rust_mozprofileBGQYa3\\search.json.mozlz4", (void 0)))
DevTools listening on ws://localhost:64038/devtools/browser/1de5ca6e-4fe2-4c49-aa8c-3b662c9de381
1641397716827	Marionette	INFO	Listening on port 64044
1641397717287	RemoteAgent	WARN	TLS certificate errors will be ignored for this session
1641397739940	Marionette	INFO	Stopped listening on port 64044
1641397823236	geckodriver	INFO	Listening on 127.0.0.1:60322
1641397826227	mozrunner::runner	INFO	Running command: "C:\\Program Files\\Mozilla Firefox\\firefox.exe" "--marionette" "--remote-debugging-port" "60323" "-no-remote" "-profile" "C:\\Users\\afdum\\AppData\\Local\\Temp\\rust_mozprofileuCEZ9m"
1641397827130	Marionette	INFO	Marionette enabled
console.warn: SearchSettings: "get: No settings file exists, new profile?" (new NotFoundError("Could not open the file at C:\\Users\\afdum\\AppData\\Local\\Temp\\rust_mozprofileuCEZ9m\\search.json.mozlz4", (void 0)))
DevTools listening on ws://localhost:60323/devtools/browser/c0a0cc0e-c3b5-4915-9e94-b7fc029ce3ff
1641397832041	Marionette	INFO	Listening on port 60328
1641397832309	RemoteAgent	WARN	TLS certificate errors will be ignored for this session
1641397855145	Marionette	INFO	Stopped listening on port 60328
[Parent 71356, IPC I/O Parent] WARNING: file /builds/worker/checkouts/gecko/ipc/chromium/src/base/process_util_win.cc:167
[Parent 71356, IPC I/O Parent] WARNING: file /builds/worker/checkouts/gecko/ipc/chromium/src/base/process_util_win.cc:167
1641408806183	geckodriver	INFO	Listening on 127.0.0.1:50110
1641408809177	mozrunner::runner	INFO	Running command: "C:\\Program Files\\Mozilla Firefox\\firefox.exe" "--marionette" "--remote-debugging-port" "50111" "-no-remote" "-profile" "C:\\Users\\afdum\\AppData\\Local\\Temp\\rust_mozprofileWRL9A9"
1641408810008	Marionette	INFO	Marionette enabled
console.warn: SearchSettings: "get: No settings file exists, new profile?" (new NotFoundError("Could not open the file at C:\\Users\\afdum\\AppData\\Local\\Temp\\rust_mozprofileWRL9A9\\search.json.mozlz4", (void 0)))
DevTools listening on ws://localhost:50111/devtools/browser/2c28d879-ffb9-4a9a-b5e6-9c1c0858a824
1641408813584	Marionette	INFO	Listening on port 50116
1641408814004	RemoteAgent	WARN	TLS certificate errors will be ignored for this session
1641408858674	Marionette	INFO	Stopped listening on port 50116
console.warn: TopSitesFeed: Failed to fetch data from Contile server: NetworkError when attempting to fetch resource.

###!!! [Child][RunMessage] Error: Channel closing: too late to send/recv, messages will be lost


###!!! [Parent][RunMessage] Error: Channel closing: too late to send/recv, messages will be lost

: No settings file exists, new profile?" (new NotFoundError("Could not open the file at C:\\Users\\afdum\\AppData\\Local\\Temp\\rust_mozprofileBjuWgB\\search.json.mozlz4", (void 0)))
DevTools listening on ws://localhost:50177/devtools/browser/b38693f4-ddbd-4cc0-8a79-4a848e294846
1641408850191	Marionette	INFO	Listening on port 50183
1641408850674	RemoteAgent	WARN	TLS certificate errors will be ignored for this session
1641408873459	Marionette	INFO	Stopped listening on port 50183
[Parent 73300, IPC I/O Parent] WARNING: file /builds/worker/checkouts/gecko/ipc/chromium/src/base/process_util_win.cc:167
1641408940300	geckodriver	INFO	Listening on 127.0.0.1:50474
1641408943350	mozrunner::runner	INFO	Running command: "C:\\Program Files\\Mozilla Firefox\\firefox.exe" "--marionette" "--remote-debugging-port" "50475" "-no-remote" "-profile" "C:\\Users\\afdum\\AppData\\Local\\Temp\\rust_mozprofileLBrFuo"
1641408944010	Marionette	INFO	Marionette enabled
console.warn: SearchSettings: "get: No settings file exists, new profile?" (new NotFoundError("Could not open the file at C:\\Users\\afdum\\AppData\\Local\\Temp\\rust_mozprofileLBrFuo\\search.json.mozlz4", (void 0)))
DevTools listening on ws://localhost:50475/devtools/browser/b06d6e34-f8b7-4b80-8ea8-8401f86f0fbb
1641408947036	Marionette	INFO	Listening on port 50480
1641408947556	RemoteAgent	WARN	TLS certificate errors will be ignored for this session
1641408986697	Marionette	INFO	Stopped listening on port 50480
console.warn: TopSitesFeed: Failed to fetch data from Contile server: NetworkError when attempting to fetch resource.

###!!! [Parent][RunMessage] Error: Channel closing: too late to send/recv, messages will be lost

ozprofileoJSmye"
1641408982905	Marionette	INFO	Marionette enabled
console.warn: SearchSettings: "get: No settings file exists, new profile?" (new NotFoundError("Could not open the file at C:\\Users\\afdum\\AppData\\Local\\Temp\\rust_mozprofileoJSmye\\search.json.mozlz4", (void 0)))
DevTools listening on ws://localhost:50539/devtools/browser/4bd5631a-223b-4e8b-ada8-6f77867ba120
1641408986231	Marionette	INFO	Listening on port 50546
1641408986488	RemoteAgent	WARN	TLS certificate errors will be ignored for this session
1641409009051	Marionette	INFO	Stopped listening on port 50546
[Parent 49744, IPC I/O Parent] WARNING: file /builds/worker/checkouts/gecko/ipc/chromium/src/base/process_util_win.cc:167
[Parent 49744, IPC I/O Parent] WARNING: file /builds/worker/checkouts/gecko/ipc/chromium/src/base/process_util_win.cc:167

###!!! [Parent][RunMessage] Error: Channel closing: too late to send/recv, messages will be lost

1641504290760	geckodriver	INFO	Listening on 127.0.0.1:52617
1641504293647	mozrunner::runner	INFO	Running command: "C:\\Program Files\\Mozilla Firefox\\firefox.exe" "--marionette" "--remote-debugging-port" "52618" "-no-remote" "-profile" "C:\\Users\\afdum\\AppData\\Local\\Temp\\rust_mozprofile5hOxic"
1641504294515	Marionette	INFO	Marionette enabled
console.warn: SearchSettings: "get: No settings file exists, new profile?" (new NotFoundError("Could not open the file at C:\\Users\\afdum\\AppData\\Local\\Temp\\rust_mozprofile5hOxic\\search.json.mozlz4", (void 0)))
DevTools listening on ws://localhost:52618/devtools/browser/84542392-8fdc-441b-a6c8-5da9d11271d5
1641504298732	Marionette	INFO	Listening on port 52624
1641504298970	RemoteAgent	WARN	TLS certificate errors will be ignored for this session
1641504322710	Marionette	INFO	Stopped listening on port 52624
1641504674722	geckodriver	INFO	Listening on 127.0.0.1:57163
1641504677740	mozrunner::runner	INFO	Running command: "C:\\Program Files\\Mozilla Firefox\\firefox.exe" "--marionette" "--remote-debugging-port" "57164" "-no-remote" "-profile" "C:\\Users\\afdum\\AppData\\Local\\Temp\\rust_mozprofileBNs32D"
1641504678314	Marionette	INFO	Marionette enabled
console.warn: SearchSettings: "get: No settings file exists, new profile?" (new NotFoundError("Could not open the file at C:\\Users\\afdum\\AppData\\Local\\Temp\\rust_mozprofileBNs32D\\search.json.mozlz4", (void 0)))
DevTools listening on ws://localhost:57164/devtools/browser/5c81861a-0a0c-4e7b-8a43-01ac254c66a3
1641504681471	Marionette	INFO	Listening on port 57170
1641504681932	RemoteAgent	WARN	TLS certificate errors will be ignored for this session
1641504704218	Marionette	INFO	Stopped listening on port 57170
[Parent 86888, IPC I/O Parent] WARNING: file /builds/worker/checkouts/gecko/ipc/chromium/src/base/process_util_win.cc:167

###!!! [Parent][RunMessage] Error: Channel closing: too late to send/recv, messages will be lost

